<?xml version="1.0" encoding="UTF-8"?>
<robot generator="Robot 3.2.2 (Python 3.11.1 on win32)" generated="20230424 19:53:43.178" rpa="false">
<suite id="s1" name="UIC" source="C:\Users\lffintech-010\Desktop\eclipse_2022\Workspace_2022\automate_UIC\UIC">
<suite id="s1-s1" name="Test Case" source="C:\Users\lffintech-010\Desktop\eclipse_2022\Workspace_2022\automate_UIC\UIC\Test Case">
<suite id="s1-s1-s1" name="test boardLogin" source="C:\Users\lffintech-010\Desktop\eclipse_2022\Workspace_2022\automate_UIC\UIC\Test Case\test_boardLogin.robot">
<kw name="Log" library="BuiltIn" type="setup">
<doc>Logs the given message with the given level.</doc>
<arguments>
<arg>UIC Project</arg>
</arguments>
<msg timestamp="20230424 19:53:43.516" level="INFO">UIC Project</msg>
<status status="PASS" starttime="20230424 19:53:43.515" endtime="20230424 19:53:43.516"></status>
</kw>
<test id="s1-s1-s1-t1" name="Board_Login_001">
<kw name="Open Browser" library="SeleniumLibrary">
<doc>Opens a new browser instance to the optional ``url``.</doc>
<arguments>
<arg>${URL}</arg>
<arg>chrome</arg>
</arguments>
<msg timestamp="20230424 19:53:43.518" level="INFO">Opening browser 'chrome' to base url 'https://uat.uic.lffintech.co.th/login'.</msg>
<status status="PASS" starttime="20230424 19:53:43.517" endtime="20230424 19:53:45.484"></status>
</kw>
<kw name="Input Text" library="SeleniumLibrary">
<doc>Types the given ``text`` into the text field identified by ``locator``.</doc>
<arguments>
<arg>//*[@id="first-template"]/div/div/div[2]/form/div[1]/div/div/input</arg>
<arg>@{USERNAME_PASSWORD}[0]</arg>
</arguments>
<msg timestamp="20230424 19:53:45.488" level="WARN">Accessing variable items using '@{USERNAME_PASSWORD}[0]' syntax is deprecated. Use '${USERNAME_PASSWORD}[0]' instead.</msg>
<msg timestamp="20230424 19:53:45.488" level="INFO">Typing text 'admin_mint@gmail.com' into text field '//*[@id="first-template"]/div/div/div[2]/form/div[1]/div/div/input'.</msg>
<status status="PASS" starttime="20230424 19:53:45.485" endtime="20230424 19:53:45.687"></status>
</kw>
<kw name="Sleep" library="BuiltIn">
<doc>Pauses the test executed for the given time.</doc>
<arguments>
<arg>2</arg>
</arguments>
<msg timestamp="20230424 19:53:47.688" level="INFO">Slept 2 seconds</msg>
<status status="PASS" starttime="20230424 19:53:45.688" endtime="20230424 19:53:47.688"></status>
</kw>
<kw name="Input Text" library="SeleniumLibrary">
<doc>Types the given ``text`` into the text field identified by ``locator``.</doc>
<arguments>
<arg>//*[@id="first-template"]/div/div/div[2]/form/div[2]/div/div/input</arg>
<arg>@{USERNAME_PASSWORD}[1]</arg>
</arguments>
<msg timestamp="20230424 19:53:47.689" level="WARN">Accessing variable items using '@{USERNAME_PASSWORD}[1]' syntax is deprecated. Use '${USERNAME_PASSWORD}[1]' instead.</msg>
<msg timestamp="20230424 19:53:47.689" level="INFO">Typing text '123456789' into text field '//*[@id="first-template"]/div/div/div[2]/form/div[2]/div/div/input'.</msg>
<status status="PASS" starttime="20230424 19:53:47.688" endtime="20230424 19:53:47.800"></status>
</kw>
<kw name="Sleep" library="BuiltIn">
<doc>Pauses the test executed for the given time.</doc>
<arguments>
<arg>2</arg>
</arguments>
<msg timestamp="20230424 19:53:49.802" level="INFO">Slept 2 seconds</msg>
<status status="PASS" starttime="20230424 19:53:47.801" endtime="20230424 19:53:49.802"></status>
</kw>
<kw name="Click Button" library="SeleniumLibrary">
<doc>Clicks the button identified by ``locator``.</doc>
<arguments>
<arg>//*[@id="first-template"]/div/div/div[2]/form/button</arg>
</arguments>
<msg timestamp="20230424 19:53:49.802" level="INFO">Clicking button '//*[@id="first-template"]/div/div/div[2]/form/button'.</msg>
<status status="PASS" starttime="20230424 19:53:49.802" endtime="20230424 19:53:49.860"></status>
</kw>
<kw name="Wait Until Element Is Visible" library="SeleniumLibrary">
<doc>Waits until the element ``locator`` is visible.</doc>
<arguments>
<arg>xpath=//*[@id="master-data"]/div[2]/div[2]/div/div/div/div[1]/h2</arg>
</arguments>
<status status="PASS" starttime="20230424 19:53:49.861" endtime="20230424 19:53:50.151"></status>
</kw>
<kw name="Log" library="BuiltIn">
<doc>Logs the given message with the given level.</doc>
<arguments>
<arg>Login Test Completed!!</arg>
</arguments>
<msg timestamp="20230424 19:53:50.152" level="INFO">Login Test Completed!!</msg>
<status status="PASS" starttime="20230424 19:53:50.151" endtime="20230424 19:53:50.152"></status>
</kw>
<kw name="Log" library="BuiltIn">
<doc>Logs the given message with the given level.</doc>
<arguments>
<arg>This test was executed by %{username} on %{os}</arg>
</arguments>
<msg timestamp="20230424 19:53:50.152" level="INFO">This test was executed by lffintech-010 on Windows_NT</msg>
<status status="PASS" starttime="20230424 19:53:50.152" endtime="20230424 19:53:50.152"></status>
</kw>
<doc>เข้าสู่ระบบสำเร็จ(กรอกอีเมลและรหัสผ่านถูกต้อง)</doc>
<status status="PASS" starttime="20230424 19:53:43.516" endtime="20230424 19:53:50.152" critical="yes"></status>
</test>
<test id="s1-s1-s1-t2" name="Board_Login_002">
<kw name="Open Browser" library="SeleniumLibrary">
<doc>Opens a new browser instance to the optional ``url``.</doc>
<arguments>
<arg>${URL}</arg>
<arg>chrome</arg>
</arguments>
<msg timestamp="20230424 19:53:50.155" level="INFO">Opening browser 'chrome' to base url 'https://uat.uic.lffintech.co.th/login'.</msg>
<status status="PASS" starttime="20230424 19:53:50.155" endtime="20230424 19:53:52.006"></status>
</kw>
<kw name="Input Text" library="SeleniumLibrary">
<doc>Types the given ``text`` into the text field identified by ``locator``.</doc>
<arguments>
<arg>//*[@id="first-template"]/div/div/div[2]/form/div[1]/div/div/input</arg>
<arg>@{USERNAME_PASSWORD}[2]</arg>
</arguments>
<msg timestamp="20230424 19:53:52.008" level="WARN">Accessing variable items using '@{USERNAME_PASSWORD}[2]' syntax is deprecated. Use '${USERNAME_PASSWORD}[2]' instead.</msg>
<msg timestamp="20230424 19:53:52.008" level="INFO">Typing text 'adminTest@gmail.com' into text field '//*[@id="first-template"]/div/div/div[2]/form/div[1]/div/div/input'.</msg>
<status status="PASS" starttime="20230424 19:53:52.007" endtime="20230424 19:53:52.194"></status>
</kw>
<kw name="Sleep" library="BuiltIn">
<doc>Pauses the test executed for the given time.</doc>
<arguments>
<arg>2</arg>
</arguments>
<msg timestamp="20230424 19:53:54.196" level="INFO">Slept 2 seconds</msg>
<status status="PASS" starttime="20230424 19:53:52.195" endtime="20230424 19:53:54.196"></status>
</kw>
<kw name="Input Text" library="SeleniumLibrary">
<doc>Types the given ``text`` into the text field identified by ``locator``.</doc>
<arguments>
<arg>//*[@id="first-template"]/div/div/div[2]/form/div[2]/div/div/input</arg>
<arg>@{USERNAME_PASSWORD}[1]</arg>
</arguments>
<msg timestamp="20230424 19:53:54.197" level="WARN">Accessing variable items using '@{USERNAME_PASSWORD}[1]' syntax is deprecated. Use '${USERNAME_PASSWORD}[1]' instead.</msg>
<msg timestamp="20230424 19:53:54.198" level="INFO">Typing text '123456789' into text field '//*[@id="first-template"]/div/div/div[2]/form/div[2]/div/div/input'.</msg>
<status status="PASS" starttime="20230424 19:53:54.197" endtime="20230424 19:53:54.304"></status>
</kw>
<kw name="Sleep" library="BuiltIn">
<doc>Pauses the test executed for the given time.</doc>
<arguments>
<arg>2</arg>
</arguments>
<msg timestamp="20230424 19:53:56.306" level="INFO">Slept 2 seconds</msg>
<status status="PASS" starttime="20230424 19:53:54.305" endtime="20230424 19:53:56.306"></status>
</kw>
<kw name="Click Button" library="SeleniumLibrary">
<doc>Clicks the button identified by ``locator``.</doc>
<arguments>
<arg>//*[@id="first-template"]/div/div/div[2]/form/button</arg>
</arguments>
<msg timestamp="20230424 19:53:56.306" level="INFO">Clicking button '//*[@id="first-template"]/div/div/div[2]/form/button'.</msg>
<status status="PASS" starttime="20230424 19:53:56.306" endtime="20230424 19:53:56.366"></status>
</kw>
<kw name="Alert Message 1 &quot;อีเมลหรือรหัสผ่านไม่ถูกต้อง!&quot;">
<kw name="Wait Until Element Is Visible" library="SeleniumLibrary">
<doc>Waits until the element ``locator`` is visible.</doc>
<arguments>
<arg>xpath=/html/body/div[2]/div/h2</arg>
</arguments>
<status status="PASS" starttime="20230424 19:53:56.366" endtime="20230424 19:53:56.819"></status>
</kw>
<status status="PASS" starttime="20230424 19:53:56.366" endtime="20230424 19:53:56.819"></status>
</kw>
<kw name="Log" library="BuiltIn">
<doc>Logs the given message with the given level.</doc>
<arguments>
<arg>Login Test Completed!!</arg>
</arguments>
<msg timestamp="20230424 19:53:56.820" level="INFO">Login Test Completed!!</msg>
<status status="PASS" starttime="20230424 19:53:56.819" endtime="20230424 19:53:56.820"></status>
</kw>
<kw name="Log" library="BuiltIn">
<doc>Logs the given message with the given level.</doc>
<arguments>
<arg>This test was executed by %{username} on %{os}</arg>
</arguments>
<msg timestamp="20230424 19:53:56.820" level="INFO">This test was executed by lffintech-010 on Windows_NT</msg>
<status status="PASS" starttime="20230424 19:53:56.820" endtime="20230424 19:53:56.820"></status>
</kw>
<doc>เข้าสู่ระบบไม่สำเร็จ(กรอกอีเมลที่ไม่มีในระบบหรือกรอกอีเมลไม่ถูกต้อง)</doc>
<status status="PASS" starttime="20230424 19:53:50.152" endtime="20230424 19:53:56.820" critical="yes"></status>
</test>
<test id="s1-s1-s1-t3" name="Board_Login_003">
<kw name="Open Browser" library="SeleniumLibrary">
<doc>Opens a new browser instance to the optional ``url``.</doc>
<arguments>
<arg>${URL}</arg>
<arg>chrome</arg>
</arguments>
<msg timestamp="20230424 19:53:56.822" level="INFO">Opening browser 'chrome' to base url 'https://uat.uic.lffintech.co.th/login'.</msg>
<status status="PASS" starttime="20230424 19:53:56.822" endtime="20230424 19:53:59.250"></status>
</kw>
<kw name="Input Text" library="SeleniumLibrary">
<doc>Types the given ``text`` into the text field identified by ``locator``.</doc>
<arguments>
<arg>//*[@id="first-template"]/div/div/div[2]/form/div[1]/div/div/input</arg>
<arg>@{USERNAME_PASSWORD}[0]</arg>
</arguments>
<msg timestamp="20230424 19:53:59.251" level="WARN">Accessing variable items using '@{USERNAME_PASSWORD}[0]' syntax is deprecated. Use '${USERNAME_PASSWORD}[0]' instead.</msg>
<msg timestamp="20230424 19:53:59.252" level="INFO">Typing text 'admin_mint@gmail.com' into text field '//*[@id="first-template"]/div/div/div[2]/form/div[1]/div/div/input'.</msg>
<status status="PASS" starttime="20230424 19:53:59.250" endtime="20230424 19:53:59.502"></status>
</kw>
<kw name="Sleep" library="BuiltIn">
<doc>Pauses the test executed for the given time.</doc>
<arguments>
<arg>2</arg>
</arguments>
<msg timestamp="20230424 19:54:01.503" level="INFO">Slept 2 seconds</msg>
<status status="PASS" starttime="20230424 19:53:59.502" endtime="20230424 19:54:01.503"></status>
</kw>
<kw name="Input Text" library="SeleniumLibrary">
<doc>Types the given ``text`` into the text field identified by ``locator``.</doc>
<arguments>
<arg>//*[@id="first-template"]/div/div/div[2]/form/div[2]/div/div/input</arg>
<arg>@{USERNAME_PASSWORD}[3]</arg>
</arguments>
<msg timestamp="20230424 19:54:01.504" level="WARN">Accessing variable items using '@{USERNAME_PASSWORD}[3]' syntax is deprecated. Use '${USERNAME_PASSWORD}[3]' instead.</msg>
<msg timestamp="20230424 19:54:01.504" level="INFO">Typing text '1234567890' into text field '//*[@id="first-template"]/div/div/div[2]/form/div[2]/div/div/input'.</msg>
<status status="PASS" starttime="20230424 19:54:01.503" endtime="20230424 19:54:01.600"></status>
</kw>
<kw name="Sleep" library="BuiltIn">
<doc>Pauses the test executed for the given time.</doc>
<arguments>
<arg>2</arg>
</arguments>
<msg timestamp="20230424 19:54:03.600" level="INFO">Slept 2 seconds</msg>
<status status="PASS" starttime="20230424 19:54:01.600" endtime="20230424 19:54:03.600"></status>
</kw>
<kw name="Click Button" library="SeleniumLibrary">
<doc>Clicks the button identified by ``locator``.</doc>
<arguments>
<arg>//*[@id="first-template"]/div/div/div[2]/form/button</arg>
</arguments>
<msg timestamp="20230424 19:54:03.602" level="INFO">Clicking button '//*[@id="first-template"]/div/div/div[2]/form/button'.</msg>
<status status="PASS" starttime="20230424 19:54:03.601" endtime="20230424 19:54:03.668"></status>
</kw>
<kw name="Alert Message 1 &quot;อีเมลหรือรหัสผ่านไม่ถูกต้อง!&quot;">
<kw name="Wait Until Element Is Visible" library="SeleniumLibrary">
<doc>Waits until the element ``locator`` is visible.</doc>
<arguments>
<arg>xpath=/html/body/div[2]/div/h2</arg>
</arguments>
<status status="PASS" starttime="20230424 19:54:03.670" endtime="20230424 19:54:04.119"></status>
</kw>
<status status="PASS" starttime="20230424 19:54:03.669" endtime="20230424 19:54:04.119"></status>
</kw>
<kw name="Log" library="BuiltIn">
<doc>Logs the given message with the given level.</doc>
<arguments>
<arg>Login Test Completed!!</arg>
</arguments>
<msg timestamp="20230424 19:54:04.119" level="INFO">Login Test Completed!!</msg>
<status status="PASS" starttime="20230424 19:54:04.119" endtime="20230424 19:54:04.119"></status>
</kw>
<kw name="Log" library="BuiltIn">
<doc>Logs the given message with the given level.</doc>
<arguments>
<arg>This test was executed by %{username} on %{os}</arg>
</arguments>
<msg timestamp="20230424 19:54:04.120" level="INFO">This test was executed by lffintech-010 on Windows_NT</msg>
<status status="PASS" starttime="20230424 19:54:04.119" endtime="20230424 19:54:04.120"></status>
</kw>
<doc>เข้าสู่ระบบไม่สำเร็จ(กรอกรหัสผ่านไม่ถูกต้อง)</doc>
<status status="PASS" starttime="20230424 19:53:56.821" endtime="20230424 19:54:04.120" critical="yes"></status>
</test>
<test id="s1-s1-s1-t4" name=" Board_Login_004">
<kw name="Open Browser" library="SeleniumLibrary">
<doc>Opens a new browser instance to the optional ``url``.</doc>
<arguments>
<arg>${URL}</arg>
<arg>chrome</arg>
</arguments>
<msg timestamp="20230424 19:54:04.121" level="INFO">Opening browser 'chrome' to base url 'https://uat.uic.lffintech.co.th/login'.</msg>
<status status="PASS" starttime="20230424 19:54:04.121" endtime="20230424 19:54:06.203"></status>
</kw>
<kw name="Input Text" library="SeleniumLibrary">
<doc>Types the given ``text`` into the text field identified by ``locator``.</doc>
<arguments>
<arg>//*[@id="first-template"]/div/div/div[2]/form/div[1]/div/div/input</arg>
<arg>@{USERNAME_PASSWORD}[0]</arg>
</arguments>
<msg timestamp="20230424 19:54:06.203" level="WARN">Accessing variable items using '@{USERNAME_PASSWORD}[0]' syntax is deprecated. Use '${USERNAME_PASSWORD}[0]' instead.</msg>
<msg timestamp="20230424 19:54:06.203" level="INFO">Typing text 'admin_mint@gmail.com' into text field '//*[@id="first-template"]/div/div/div[2]/form/div[1]/div/div/input'.</msg>
<status status="PASS" starttime="20230424 19:54:06.203" endtime="20230424 19:54:06.384"></status>
</kw>
<kw name="Sleep" library="BuiltIn">
<doc>Pauses the test executed for the given time.</doc>
<arguments>
<arg>2</arg>
</arguments>
<msg timestamp="20230424 19:54:08.385" level="INFO">Slept 2 seconds</msg>
<status status="PASS" starttime="20230424 19:54:06.385" endtime="20230424 19:54:08.385"></status>
</kw>
<kw name="Click Button" library="SeleniumLibrary">
<doc>Clicks the button identified by ``locator``.</doc>
<arguments>
<arg>//*[@id="first-template"]/div/div/div[2]/form/button</arg>
</arguments>
<msg timestamp="20230424 19:54:08.387" level="INFO">Clicking button '//*[@id="first-template"]/div/div/div[2]/form/button'.</msg>
<status status="PASS" starttime="20230424 19:54:08.385" endtime="20230424 19:54:08.452"></status>
</kw>
<kw name="Alert Message 2 &quot;กรุณากรอกรหัสผ่าน&quot;">
<kw name="Wait Until Element Is Visible" library="SeleniumLibrary">
<doc>Waits until the element ``locator`` is visible.</doc>
<arguments>
<arg>xpath=//*[@id="first-template"]/div/div/div[2]/form/div[2]/div/div[2]</arg>
</arguments>
<status status="PASS" starttime="20230424 19:54:08.453" endtime="20230424 19:54:08.475"></status>
</kw>
<status status="PASS" starttime="20230424 19:54:08.453" endtime="20230424 19:54:08.475"></status>
</kw>
<doc>เข้าสู่ระบบไม่สำเร็จ(กรอกอีเมลแต่ไม่กรอกรหัสผ่าน)</doc>
<status status="PASS" starttime="20230424 19:54:04.120" endtime="20230424 19:54:08.475" critical="yes"></status>
</test>
<test id="s1-s1-s1-t5" name="Board_Login_005">
<kw name="Open Browser" library="SeleniumLibrary">
<doc>Opens a new browser instance to the optional ``url``.</doc>
<arguments>
<arg>${URL}</arg>
<arg>chrome</arg>
</arguments>
<msg timestamp="20230424 19:54:08.477" level="INFO">Opening browser 'chrome' to base url 'https://uat.uic.lffintech.co.th/login'.</msg>
<status status="PASS" starttime="20230424 19:54:08.477" endtime="20230424 19:54:10.373"></status>
</kw>
<kw name="Input Text" library="SeleniumLibrary">
<doc>Types the given ``text`` into the text field identified by ``locator``.</doc>
<arguments>
<arg>//*[@id="first-template"]/div/div/div[2]/form/div[2]/div/div/input</arg>
<arg>&amp;{LOGINDATA}[valid_password]</arg>
</arguments>
<msg timestamp="20230424 19:54:10.373" level="WARN">Accessing variable items using '&amp;{LOGINDATA}[valid_password]' syntax is deprecated. Use '${LOGINDATA}[valid_password]' instead.</msg>
<msg timestamp="20230424 19:54:10.374" level="INFO">Typing text '123456789' into text field '//*[@id="first-template"]/div/div/div[2]/form/div[2]/div/div/input'.</msg>
<status status="PASS" starttime="20230424 19:54:10.373" endtime="20230424 19:54:10.518"></status>
</kw>
<kw name="Sleep" library="BuiltIn">
<doc>Pauses the test executed for the given time.</doc>
<arguments>
<arg>2</arg>
</arguments>
<msg timestamp="20230424 19:54:12.519" level="INFO">Slept 2 seconds</msg>
<status status="PASS" starttime="20230424 19:54:10.518" endtime="20230424 19:54:12.519"></status>
</kw>
<kw name="Click Button" library="SeleniumLibrary">
<doc>Clicks the button identified by ``locator``.</doc>
<arguments>
<arg>//*[@id="first-template"]/div/div/div[2]/form/button</arg>
</arguments>
<msg timestamp="20230424 19:54:12.520" level="INFO">Clicking button '//*[@id="first-template"]/div/div/div[2]/form/button'.</msg>
<status status="PASS" starttime="20230424 19:54:12.520" endtime="20230424 19:54:12.590"></status>
</kw>
<kw name="Alert Message 3 &quot;กรุณากรอกอีเมล&quot;">
<kw name="Wait Until Element Is Visible" library="SeleniumLibrary">
<doc>Waits until the element ``locator`` is visible.</doc>
<arguments>
<arg>xpath=//*[@id="first-template"]/div/div/div[2]/form/div[1]/div/div[2]</arg>
</arguments>
<status status="PASS" starttime="20230424 19:54:12.590" endtime="20230424 19:54:12.841"></status>
</kw>
<status status="PASS" starttime="20230424 19:54:12.590" endtime="20230424 19:54:12.841"></status>
</kw>
<doc>เข้าสู่ระบบไม่สำเร็จ(กรอกรหัสผ่านแต่ไม่กรอกอีเมล)</doc>
<status status="PASS" starttime="20230424 19:54:08.476" endtime="20230424 19:54:12.841" critical="yes"></status>
</test>
<status status="PASS" starttime="20230424 19:53:43.268" endtime="20230424 19:54:12.843"></status>
</suite>
<status status="PASS" starttime="20230424 19:53:43.263" endtime="20230424 19:54:12.847"></status>
</suite>
<status status="PASS" starttime="20230424 19:53:43.244" endtime="20230424 19:54:12.850"></status>
</suite>
<statistics>
<total>
<stat pass="5" fail="0">Critical Tests</stat>
<stat pass="5" fail="0">All Tests</stat>
</total>
<tag>
</tag>
<suite>
<stat pass="5" fail="0" id="s1" name="UIC">UIC</stat>
<stat pass="5" fail="0" id="s1-s1" name="Test Case">UIC.Test Case</stat>
<stat pass="5" fail="0" id="s1-s1-s1" name="test boardLogin">UIC.Test Case.test boardLogin</stat>
</suite>
</statistics>
<errors>
<msg timestamp="20230424 19:53:45.488" level="WARN">Accessing variable items using '@{USERNAME_PASSWORD}[0]' syntax is deprecated. Use '${USERNAME_PASSWORD}[0]' instead.</msg>
<msg timestamp="20230424 19:53:47.689" level="WARN">Accessing variable items using '@{USERNAME_PASSWORD}[1]' syntax is deprecated. Use '${USERNAME_PASSWORD}[1]' instead.</msg>
<msg timestamp="20230424 19:53:52.008" level="WARN">Accessing variable items using '@{USERNAME_PASSWORD}[2]' syntax is deprecated. Use '${USERNAME_PASSWORD}[2]' instead.</msg>
<msg timestamp="20230424 19:53:54.197" level="WARN">Accessing variable items using '@{USERNAME_PASSWORD}[1]' syntax is deprecated. Use '${USERNAME_PASSWORD}[1]' instead.</msg>
<msg timestamp="20230424 19:53:59.251" level="WARN">Accessing variable items using '@{USERNAME_PASSWORD}[0]' syntax is deprecated. Use '${USERNAME_PASSWORD}[0]' instead.</msg>
<msg timestamp="20230424 19:54:01.504" level="WARN">Accessing variable items using '@{USERNAME_PASSWORD}[3]' syntax is deprecated. Use '${USERNAME_PASSWORD}[3]' instead.</msg>
<msg timestamp="20230424 19:54:06.203" level="WARN">Accessing variable items using '@{USERNAME_PASSWORD}[0]' syntax is deprecated. Use '${USERNAME_PASSWORD}[0]' instead.</msg>
<msg timestamp="20230424 19:54:10.373" level="WARN">Accessing variable items using '&amp;{LOGINDATA}[valid_password]' syntax is deprecated. Use '${LOGINDATA}[valid_password]' instead.</msg>
</errors>
</robot>
